{"/Users/aaronmullan/alchemy/careertrack/lab11/lib/models/Trip.js": {"path":"/Users/aaronmullan/alchemy/careertrack/lab11/lib/models/Trip.js","statementMap":{"0":{"start":{"line":1,"column":17},"end":{"line":1,"column":36}},"1":{"start":{"line":3,"column":19},"end":{"line":8,"column":2}},"2":{"start":{"line":11,"column":0},"end":{"line":11,"column":52}}},"fnMap":{},"branchMap":{},"s":{"0":1,"1":1,"2":1},"f":{},"b":{},"_coverageSchema":"43e27e138ebf9cfc5966b082cf9a028302ed4184","hash":"300eb1af52aade644817a68572ff85fe87b478b6"}
}
